Arguments: 
  /home/sbihel/.nvm/versions/node/v16.5.0/bin/node /home/sbihel/.nvm/versions/node/v16.5.0/bin/yarn global dir

PATH: 
  /home/sbihel/.opam/4.09.1/bin:/home/sbihel/.poetry/bin:/home/sbihel/.cargo/bin:/home/sbihel/.opam/4.09.1/bin:/home/sbihel/.poetry/bin:/home/sbihel/.nvm/versions/node/v16.5.0/bin:/home/sbihel/.cargo/bin:/usr/local/bin:/usr/local/sbin:/usr/bin:/usr/sbin:/var/lib/snapd/snap/bin:/home/sbihel/bin:/home/sbihel/.go/bin:/home/sbihel/.npm-packages/bin:~/.neomutt/keybaseMutt/scripts:/home/sbihel/.local/bin:/home/sbihel/.krew/bin:/home/sbihel/.fzf/bin:/home/sbihel/bin:/home/sbihel/.go/bin:/home/sbihel/.npm-packages/bin:~/.neomutt/keybaseMutt/scripts:/home/sbihel/.local/bin:/home/sbihel/.krew/bin

Yarn version: 
  1.22.11

Node version: 
  16.5.0

Platform: 
  linux x64

Trace: 
  SyntaxError: /home/sbihel/spruce/siwe-quickstart/01_basic_app/backend/package.json: Unexpected token , in JSON at position 114
      at JSON.parse (<anonymous>)
      at /home/sbihel/.nvm/versions/node/v16.5.0/lib/node_modules/yarn/lib/cli.js:1625:59
      at Generator.next (<anonymous>)
      at step (/home/sbihel/.nvm/versions/node/v16.5.0/lib/node_modules/yarn/lib/cli.js:310:30)
      at /home/sbihel/.nvm/versions/node/v16.5.0/lib/node_modules/yarn/lib/cli.js:321:13

npm manifest: 
  {
    "name": "backend",
    "version": "1.0.0",
    "description": "",
    "main": "index.js",
    "scripts": {
      "serve", "node src/index.js",
      "test": "echo \"Error: no test specified\" && exit 1"
    },
    "author": "",
    "license": "MIT",
    "dependencies": {
      "body-parser": "^1.19.1",
      "express": "^4.17.2",
      "siwe": "^0.1.4"
    }
  }

yarn manifest: 
  No manifest

Lockfile: 
  No lockfile
